** 基金选择脚本 **
0i/total: 0/500
i/total: 5/500
i/total: 10/500
i/total: 15/500
i/total: 20/500
i/total: 25/500
i/total: 30/500
i/total: 35/500
i/total: 40/500
i/total: 45/500
i/total: 50/500
fd_code, fd_full_name 001696 南方智造股票
i/total: 55/500
i/total: 60/500
i/total: 65/500
i/total: 70/500
i/total: 75/500
i/total: 80/500
i/total: 85/500
i/total: 90/500
i/total: 95/500
i/total: 100/500
i/total: 105/500
i/total: 110/500
i/total: 115/500
i/total: 120/500
i/total: 125/500
i/total: 130/500
i/total: 135/500
i/total: 140/500
i/total: 145/500
i/total: 150/500
i/total: 155/500
i/total: 160/500
i/total: 165/500
i/total: 170/500
i/total: 175/500
i/total: 180/500
i/total: 185/500
i/total: 190/500
i/total: 195/500
i/total: 200/500
i/total: 205/500
i/total: 210/500
i/total: 215/500
fd_code, fd_full_name 004484 泰达宏利业绩股票A
i/total: 220/500
fd_code, fd_full_name 004485 泰达宏利业绩股票C
fd_code, fd_full_name 167705 德邦量化新锐股票型证券投资基金（LOF
i/total: 230/500
fd_code, fd_full_name 167706 德邦量化新锐股票型证券投资基金（LOF
i/total: 235/500
i/total: 240/500
i/total: 245/500
i/total: 250/500
i/total: 255/500
i/total: 260/500
i/total: 265/500
i/total: 270/500
i/total: 275/500
i/total: 280/500
fd_code, fd_full_name 002730 华富华鑫混合A
i/total: 285/500
i/total: 290/500
i/total: 295/500
i/total: 300/500
i/total: 305/500
i/total: 310/500
fd_code, fd_full_name 001663 中银互联网+股票
i/total: 315/500
i/total: 320/500
fd_code, fd_full_name 005516 银华中小市值股票C
i/total: 330/500
fd_code, fd_full_name 005515 银华中小市值股票A
i/total: 335/500
i/total: 340/500
i/total: 345/500
i/total: 350/500
i/total: 355/500
fd_code, fd_full_name 005033 银华智能汽车量化股票A
fd_code, fd_full_name 005034 银华智能汽车量化股票C
i/total: 360/500
i/total: 365/500
fd_code, fd_full_name 003492 前海开源外向企业股票
i/total: 375/500
i/total: 380/500
fd_code, fd_full_name 003312 大摩华鑫睿成中小盘弹性股票型证券投资基金
i/total: 385/500
fd_code, fd_full_name 003702 平安中证沪港深高股息
fd_code, fd_full_name 005240 银华文体娱乐C
fd_code, fd_full_name 005239 银华文体娱乐A
i/total: 395/500
fd_code, fd_full_name 003311 大摩睿成大盘弹性股票
i/total: 405/500
i/total: 410/500
fd_code, fd_full_name 004272 中融量化小盘股票A
i/total: 415/500
i/total: 420/500
fd_code, fd_full_name 007614 德邦民裕进取量化精锐股票A
i/total: 425/500
i/total: 430/500
i/total: 435/500
i/total: 440/500
i/total: 445/500
i/total: 450/500
fd_code, fd_full_name 004273 中融量化小盘股票C
i/total: 455/500
i/total: 460/500
fd_code, fd_full_name 007615 德邦民裕进取量化精锐股票C
i/total: 465/500
i/total: 470/500
i/total: 475/500
i/total: 480/500
i/total: 485/500
i/total: 490/500
i/total: 495/500